     1                                  
     2                                  ;%%%%%%%%%%%%%%%%%%%%%%%%%%%%%%%%%%%%%%%%%
     3                                  ;assemble and link with:
     4                                  ;assemble: -->> nasm -f win64 -o 219074240.o 219074240.asm -l 219074240.lst
     5                                  ;link: -->> gcc -o 219074240 219074240.o
     6                                  ;run: -->> 219074240
     7                                  ;debugger: -->> x64dbg 219074240
     8                                  ;%%%%%%%%%%%%%%%%%%%%%%%%%%%%%%%%%%%%%%%%%
     9                                  ;-----------------------------------------
    10                                  
    11                                  ;file: 219074240.asm (nombre programa)
    12                                  ;registro:
    13                                  ;nombres y apellidos:
    14                                  
    15                                  
    16                                  extern printf, scanf
    17                                  
    18                                  segment .data
    19                                  ;aqui se declaran variables inicializadas
    20 00000000 3FA39400                a  DD 9741119
    21 00000004 E2FFFFFF                b   DD -30
    22 00000008 C0CE0E0D                c   DD  219074240
    23                                  
    24                                  segment .bss
    25                                  ;Block Started by Symbol(BSS)
    26                                  ;aqui van las variables declaradas pero sin inicializar
    27 00000000 ????????                x resd 1
    28                                  
    29                                  segment .text
    30                                  global main
    31                                  main:
    32                                  ;etiqueta que indica el comienzo del programa principal
    33                                  ;aqui van las instrucciones
    34                                  ;...
    35                                  ;...
    36                                  ;------------------------
    37                                  ; x= (155+a) - (b+25)
    38                                  
    39 00000000 810425[00000000]9B-     add dword[a] , 155		; a = ( a+155)
    39 00000008 000000             
    40 0000000B 830425[04000000]19      add dword[b] , 25 		; b= ( b+25)
    41                                  
    42 00000013 8B0425[00000000]        mov eax , [a]			; eax = (a+155)
    43 0000001A 2B0425[04000000]        sub eax , [b] 			; eax = (a+155) - ( b+25)
    44                                  
    45 00000021 890425[00000000]        mov [x], eax 		; x = eax
    46                                  
    47                                  ;----------------------------------
    48                                  ; x = (x-50)-(-c)
    49 00000028 8B0425[00000000]        mov eax , [x]		; eax = x
    50 0000002F 83E832                  sub eax , 50 		; eax = (x-50)
    51 00000032 F71C25[08000000]        neg dword[c]		; c= (-c)
    52 00000039 2B0425[08000000]        sub eax ,[c]		; eax = (x-50)-(-c)
    53 00000040 890425[00000000]        mov [x], eax 		; x = eax
    54                                  ;---------------------------------
    55                                  ;x++
    56 00000047 FF0425[00000000]        inc dword[x]   		; x=x++
    57 0000004E C3                      ret
    58                                  
    59                                  
    60                                  ;--------------------------------------
    61                                  ;============ subrutina ===============
    62                                  ;--------------------------------------
    63                                  ;aqui instrucciones subrutina (funcion)
    64                                  ;...
    65                                  ;...
    66 0000004F C3                      ret
